{"C:\\Users\\JOABSON\\OneDrive\\Documentos\\Web\\authentication\\src\\app.ts": {"path":"C:\\Users\\JOABSON\\OneDrive\\Documentos\\Web\\authentication\\src\\app.ts","statementMap":{"0":{"start":{"line":1,"column":0},"end":{"line":1,"column":30}},"1":{"start":{"line":3,"column":0},"end":{"line":3,"column":37}},"2":{"start":{"line":4,"column":0},"end":{"line":4,"column":31}},"3":{"start":{"line":5,"column":0},"end":{"line":5,"column":51}},"4":{"start":{"line":6,"column":0},"end":{"line":6,"column":73}},"5":{"start":{"line":7,"column":0},"end":{"line":7,"column":33}},"6":{"start":{"line":8,"column":0},"end":{"line":8,"column":68}},"7":{"start":{"line":10,"column":12},"end":{"line":10,"column":21}},"8":{"start":{"line":12,"column":0},"end":{"line":12,"column":24}},"9":{"start":{"line":13,"column":0},"end":{"line":13,"column":17}},"10":{"start":{"line":15,"column":0},"end":{"line":17,"column":3}},"11":{"start":{"line":15,"column":51},"end":{"line":17,"column":2}},"12":{"start":{"line":16,"column":2},"end":{"line":16,"column":58}},"13":{"start":{"line":20,"column":0},"end":{"line":31,"column":3}},"14":{"start":{"line":20,"column":52},"end":{"line":31,"column":2}},"15":{"start":{"line":21,"column":13},"end":{"line":21,"column":26}},"16":{"start":{"line":25,"column":15},"end":{"line":25,"column":51}},"17":{"start":{"line":26,"column":2},"end":{"line":28,"column":3}},"18":{"start":{"line":27,"column":4},"end":{"line":27,"column":71}},"19":{"start":{"line":30,"column":2},"end":{"line":30,"column":40}},"20":{"start":{"line":33,"column":0},"end":{"line":74,"column":3}},"21":{"start":{"line":33,"column":60},"end":{"line":74,"column":2}},"22":{"start":{"line":34,"column":53},"end":{"line":34,"column":83}},"23":{"start":{"line":36,"column":2},"end":{"line":73,"column":3}},"24":{"start":{"line":38,"column":4},"end":{"line":40,"column":5}},"25":{"start":{"line":39,"column":6},"end":{"line":39,"column":63}},"26":{"start":{"line":43,"column":22},"end":{"line":43,"column":58}},"27":{"start":{"line":44,"column":4},"end":{"line":48,"column":5}},"28":{"start":{"line":45,"column":6},"end":{"line":47,"column":60}},"29":{"start":{"line":57,"column":25},"end":{"line":57,"column":52}},"30":{"start":{"line":60,"column":20},"end":{"line":64,"column":6}},"31":{"start":{"line":66,"column":4},"end":{"line":66,"column":25}},"32":{"start":{"line":67,"column":4},"end":{"line":67,"column":78}},"33":{"start":{"line":70,"column":4},"end":{"line":72,"column":67}},"34":{"start":{"line":78,"column":0},"end":{"line":105,"column":3}},"35":{"start":{"line":78,"column":57},"end":{"line":105,"column":2}},"36":{"start":{"line":79,"column":30},"end":{"line":79,"column":57}},"37":{"start":{"line":80,"column":15},"end":{"line":80,"column":51}},"38":{"start":{"line":81,"column":27},"end":{"line":81,"column":73}},"39":{"start":{"line":83,"column":2},"end":{"line":85,"column":3}},"40":{"start":{"line":84,"column":4},"end":{"line":84,"column":78}},"41":{"start":{"line":87,"column":2},"end":{"line":104,"column":3}},"42":{"start":{"line":88,"column":19},"end":{"line":88,"column":37}},"43":{"start":{"line":89,"column":26},"end":{"line":89,"column":51}},"44":{"start":{"line":91,"column":24},"end":{"line":93,"column":6}},"45":{"start":{"line":95,"column":18},"end":{"line":95,"column":74}},"46":{"start":{"line":97,"column":4},"end":{"line":99,"column":73}},"47":{"start":{"line":102,"column":4},"end":{"line":102,"column":23}},"48":{"start":{"line":103,"column":4},"end":{"line":103,"column":77}},"49":{"start":{"line":107,"column":0},"end":{"line":115,"column":3}},"50":{"start":{"line":108,"column":26},"end":{"line":108,"column":34}},"51":{"start":{"line":109,"column":17},"end":{"line":109,"column":35}},"52":{"start":{"line":110,"column":16},"end":{"line":112,"column":4}},"53":{"start":{"line":114,"column":2},"end":{"line":114,"column":29}},"54":{"start":{"line":117,"column":0},"end":{"line":117,"column":20}}},"fnMap":{"0":{"name":"(anonymous_14)","decl":{"start":{"line":15,"column":13},"end":{"line":15,"column":20}},"loc":{"start":{"line":15,"column":51},"end":{"line":17,"column":2}}},"1":{"name":"(anonymous_15)","decl":{"start":{"line":15,"column":51},"end":{"line":15,"column":null}},"loc":{"start":{"line":15,"column":51},"end":{"line":17,"column":1}}},"2":{"name":"(anonymous_16)","decl":{"start":{"line":20,"column":33},"end":{"line":20,"column":40}},"loc":{"start":{"line":20,"column":52},"end":{"line":31,"column":2}}},"3":{"name":"(anonymous_17)","decl":{"start":{"line":20,"column":52},"end":{"line":20,"column":null}},"loc":{"start":{"line":20,"column":52},"end":{"line":31,"column":1}}},"4":{"name":"(anonymous_18)","decl":{"start":{"line":33,"column":22},"end":{"line":33,"column":29}},"loc":{"start":{"line":33,"column":60},"end":{"line":74,"column":2}}},"5":{"name":"(anonymous_19)","decl":{"start":{"line":33,"column":60},"end":{"line":33,"column":null}},"loc":{"start":{"line":33,"column":60},"end":{"line":74,"column":1}}},"6":{"name":"(anonymous_20)","decl":{"start":{"line":78,"column":19},"end":{"line":78,"column":26}},"loc":{"start":{"line":78,"column":57},"end":{"line":105,"column":2}}},"7":{"name":"(anonymous_21)","decl":{"start":{"line":78,"column":57},"end":{"line":78,"column":null}},"loc":{"start":{"line":78,"column":57},"end":{"line":105,"column":1}}},"8":{"name":"(anonymous_22)","decl":{"start":{"line":107,"column":41},"end":{"line":107,"column":42}},"loc":{"start":{"line":107,"column":73},"end":{"line":115,"column":1}}}},"branchMap":{"0":{"loc":{"start":{"line":26,"column":2},"end":{"line":28,"column":3}},"type":"if","locations":[{"start":{"line":26,"column":2},"end":{"line":28,"column":3}}]},"1":{"loc":{"start":{"line":38,"column":4},"end":{"line":40,"column":5}},"type":"if","locations":[{"start":{"line":38,"column":4},"end":{"line":40,"column":5}}]},"2":{"loc":{"start":{"line":44,"column":4},"end":{"line":48,"column":5}},"type":"if","locations":[{"start":{"line":44,"column":4},"end":{"line":48,"column":5}}]},"3":{"loc":{"start":{"line":83,"column":2},"end":{"line":85,"column":3}},"type":"if","locations":[{"start":{"line":83,"column":2},"end":{"line":85,"column":3}}]},"4":{"loc":{"start":{"line":83,"column":6},"end":{"line":83,"column":32}},"type":"binary-expr","locations":[{"start":{"line":83,"column":6},"end":{"line":83,"column":11}},{"start":{"line":83,"column":15},"end":{"line":83,"column":32}}]}},"s":{"0":2,"1":2,"2":2,"3":2,"4":2,"5":2,"6":2,"7":2,"8":2,"9":2,"10":2,"11":1,"12":1,"13":2,"14":0,"15":0,"16":0,"17":0,"18":0,"19":0,"20":2,"21":3,"22":3,"23":3,"24":3,"25":1,"26":2,"27":2,"28":1,"29":1,"30":1,"31":1,"32":1,"33":0,"34":2,"35":1,"36":1,"37":1,"38":1,"39":1,"40":1,"41":0,"42":0,"43":0,"44":0,"45":0,"46":0,"47":0,"48":0,"49":2,"50":0,"51":0,"52":0,"53":0,"54":2},"f":{"0":1,"1":1,"2":0,"3":0,"4":3,"5":3,"6":1,"7":1,"8":0},"b":{"0":[0],"1":[1],"2":[1],"3":[1],"4":[1,1]}}
,"C:\\Users\\JOABSON\\OneDrive\\Documentos\\Web\\authentication\\src\\Models\\User.ts": {"path":"C:\\Users\\JOABSON\\OneDrive\\Documentos\\Web\\authentication\\src\\Models\\User.ts","statementMap":{"0":{"start":{"line":1,"column":0},"end":{"line":1,"column":32}},"1":{"start":{"line":4,"column":19},"end":{"line":8,"column":4}},"2":{"start":{"line":10,"column":13},"end":{"line":10,"column":47}},"3":{"start":{"line":12,"column":9},"end":{"line":12,"column":13}}},"fnMap":{},"branchMap":{},"s":{"0":2,"1":2,"2":2,"3":2},"f":{},"b":{}}
,"C:\\Users\\JOABSON\\OneDrive\\Documentos\\Web\\authentication\\src\\Schemas\\authSchemas.ts": {"path":"C:\\Users\\JOABSON\\OneDrive\\Documentos\\Web\\authentication\\src\\Schemas\\authSchemas.ts","statementMap":{"0":{"start":{"line":2,"column":0},"end":{"line":2,"column":24}},"1":{"start":{"line":8,"column":13},"end":{"line":13,"column":5}},"2":{"start":{"line":15,"column":15},"end":{"line":18,"column":5}}},"fnMap":{},"branchMap":{},"s":{"0":2,"1":2,"2":2},"f":{},"b":{}}
,"C:\\Users\\JOABSON\\OneDrive\\Documentos\\Web\\authentication\\src\\middleware\\checkToken.ts": {"path":"C:\\Users\\JOABSON\\OneDrive\\Documentos\\Web\\authentication\\src\\middleware\\checkToken.ts","statementMap":{"0":{"start":{"line":2,"column":0},"end":{"line":2,"column":57}},"1":{"start":{"line":14,"column":25},"end":{"line":32,"column":1}},"2":{"start":{"line":15,"column":23},"end":{"line":15,"column":51}},"3":{"start":{"line":16,"column":24},"end":{"line":16,"column":62}},"4":{"start":{"line":17,"column":4},"end":{"line":19,"column":5}},"5":{"start":{"line":18,"column":8},"end":{"line":18,"column":null}},"6":{"start":{"line":20,"column":4},"end":{"line":30,"column":5}},"7":{"start":{"line":21,"column":23},"end":{"line":21,"column":41}},"8":{"start":{"line":22,"column":8},"end":{"line":22,"column":null}},"9":{"start":{"line":24,"column":8},"end":{"line":24,"column":null}},"10":{"start":{"line":27,"column":8},"end":{"line":27,"column":null}},"11":{"start":{"line":28,"column":8},"end":{"line":28,"column":null}},"12":{"start":{"line":14,"column":13},"end":{"line":14,"column":25}},"13":{"start":{"line":39,"column":35},"end":{"line":56,"column":1}},"14":{"start":{"line":40,"column":26},"end":{"line":40,"column":34}},"15":{"start":{"line":42,"column":26},"end":{"line":42,"column":51}},"16":{"start":{"line":43,"column":4},"end":{"line":46,"column":6}},"17":{"start":{"line":44,"column":8},"end":{"line":44,"column":null}},"18":{"start":{"line":48,"column":4},"end":{"line":55,"column":7}},"19":{"start":{"line":49,"column":8},"end":{"line":52,"column":9}},"20":{"start":{"line":50,"column":12},"end":{"line":50,"column":31}},"21":{"start":{"line":51,"column":12},"end":{"line":51,"column":39}},"22":{"start":{"line":53,"column":8},"end":{"line":53,"column":24}},"23":{"start":{"line":54,"column":8},"end":{"line":54,"column":15}},"24":{"start":{"line":39,"column":14},"end":{"line":39,"column":35}}},"fnMap":{"0":{"name":"(anonymous_1)","decl":{"start":{"line":14,"column":25},"end":{"line":14,"column":26}},"loc":{"start":{"line":14,"column":71},"end":{"line":32,"column":1}}},"1":{"name":"(anonymous_2)","decl":{"start":{"line":39,"column":35},"end":{"line":39,"column":36}},"loc":{"start":{"line":39,"column":87},"end":{"line":56,"column":1}}},"2":{"name":"(anonymous_3)","decl":{"start":{"line":48,"column":43},"end":{"line":48,"column":44}},"loc":{"start":{"line":48,"column":67},"end":{"line":55,"column":5}}}},"branchMap":{"0":{"loc":{"start":{"line":16,"column":24},"end":{"line":16,"column":62}},"type":"binary-expr","locations":[{"start":{"line":16,"column":24},"end":{"line":16,"column":34}},{"start":{"line":16,"column":38},"end":{"line":16,"column":62}}]},"1":{"loc":{"start":{"line":17,"column":4},"end":{"line":19,"column":5}},"type":"if","locations":[{"start":{"line":17,"column":4},"end":{"line":19,"column":5}}]},"2":{"loc":{"start":{"line":43,"column":4},"end":{"line":46,"column":6}},"type":"if","locations":[{"start":{"line":43,"column":4},"end":{"line":46,"column":6}}]},"3":{"loc":{"start":{"line":49,"column":8},"end":{"line":52,"column":9}},"type":"if","locations":[{"start":{"line":49,"column":8},"end":{"line":52,"column":9}}]}},"s":{"0":2,"1":2,"2":0,"3":0,"4":0,"5":0,"6":0,"7":0,"8":0,"9":0,"10":0,"11":0,"12":2,"13":2,"14":0,"15":0,"16":0,"17":0,"18":0,"19":0,"20":0,"21":0,"22":0,"23":0,"24":2},"f":{"0":0,"1":0,"2":0},"b":{"0":[0,0],"1":[0],"2":[0],"3":[0]}}
,"C:\\Users\\JOABSON\\OneDrive\\Documentos\\Web\\authentication\\src\\middleware\\rateLimiter.ts": {"path":"C:\\Users\\JOABSON\\OneDrive\\Documentos\\Web\\authentication\\src\\middleware\\rateLimiter.ts","statementMap":{"0":{"start":{"line":3,"column":0},"end":{"line":3,"column":46}},"1":{"start":{"line":6,"column":14},"end":{"line":15,"column":null}},"2":{"start":{"line":12,"column":4},"end":{"line":12,"column":null}}},"fnMap":{"0":{"name":"(anonymous_0)","decl":{"start":{"line":11,"column":11},"end":{"line":11,"column":12}},"loc":{"start":{"line":11,"column":41},"end":{"line":14,"column":3}}}},"branchMap":{},"s":{"0":2,"1":2,"2":0},"f":{"0":0},"b":{}}
}
