TN:
SF:src\app.ts
FN:15,(anonymous_14)
FN:15,(anonymous_15)
FN:20,(anonymous_16)
FN:20,(anonymous_17)
FN:33,(anonymous_18)
FN:33,(anonymous_19)
FN:78,(anonymous_20)
FN:78,(anonymous_21)
FN:107,(anonymous_22)
FNF:9
FNH:6
FNDA:1,(anonymous_14)
FNDA:1,(anonymous_15)
FNDA:0,(anonymous_16)
FNDA:0,(anonymous_17)
FNDA:3,(anonymous_18)
FNDA:3,(anonymous_19)
FNDA:1,(anonymous_20)
FNDA:1,(anonymous_21)
FNDA:0,(anonymous_22)
DA:1,2
DA:3,2
DA:4,2
DA:5,2
DA:6,2
DA:7,2
DA:8,2
DA:10,2
DA:12,2
DA:13,2
DA:15,2
DA:16,1
DA:20,2
DA:21,0
DA:25,0
DA:26,0
DA:27,0
DA:30,0
DA:33,3
DA:34,3
DA:36,3
DA:38,3
DA:39,1
DA:43,2
DA:44,2
DA:45,1
DA:57,1
DA:60,1
DA:66,1
DA:67,1
DA:70,0
DA:78,2
DA:79,1
DA:80,1
DA:81,1
DA:83,1
DA:84,1
DA:87,0
DA:88,0
DA:89,0
DA:91,0
DA:95,0
DA:97,0
DA:102,0
DA:103,0
DA:107,2
DA:108,0
DA:109,0
DA:110,0
DA:114,0
DA:117,2
LF:51
LH:33
BRDA:26,0,0,0
BRDA:38,1,0,1
BRDA:44,2,0,1
BRDA:83,3,0,1
BRDA:83,4,0,1
BRDA:83,4,1,1
BRF:6
BRH:5
end_of_record
TN:
SF:src\Models\User.ts
FNF:0
FNH:0
DA:1,2
DA:4,2
DA:10,2
DA:12,2
LF:4
LH:4
BRF:0
BRH:0
end_of_record
TN:
SF:src\Schemas\authSchemas.ts
FNF:0
FNH:0
DA:2,2
DA:8,2
DA:15,2
LF:3
LH:3
BRF:0
BRH:0
end_of_record
TN:
SF:src\middleware\checkToken.ts
FN:14,(anonymous_1)
FN:39,(anonymous_2)
FN:48,(anonymous_3)
FNF:3
FNH:0
FNDA:0,(anonymous_1)
FNDA:0,(anonymous_2)
FNDA:0,(anonymous_3)
DA:2,2
DA:14,2
DA:15,0
DA:16,0
DA:17,0
DA:18,0
DA:20,0
DA:21,0
DA:22,0
DA:24,0
DA:27,0
DA:28,0
DA:39,2
DA:40,0
DA:42,0
DA:43,0
DA:44,0
DA:48,0
DA:49,0
DA:50,0
DA:51,0
DA:53,0
DA:54,0
LF:23
LH:3
BRDA:16,0,0,0
BRDA:16,0,1,0
BRDA:17,1,0,0
BRDA:43,2,0,0
BRDA:49,3,0,0
BRF:5
BRH:0
end_of_record
TN:
SF:src\middleware\rateLimiter.ts
FN:11,(anonymous_0)
FNF:1
FNH:0
FNDA:0,(anonymous_0)
DA:3,2
DA:6,2
DA:12,0
LF:3
LH:2
BRF:0
BRH:0
end_of_record
